<?xml version="1.0" encoding="UTF-8"?>
<testsuite name="edu.dcccd.lesson10.controllers.HelloControllerUnitTests" tests="1" skipped="0" failures="0" errors="0" timestamp="2018-11-12T03:43:02" hostname="CSCVIEAI405876" time="0.0">
  <properties/>
  <testcase name="testSayHello" classname="edu.dcccd.lesson10.controllers.HelloControllerUnitTests" time="0.0"/>
  <system-out><![CDATA[]]></system-out>
  <system-err><![CDATA[]]></system-err>
</testsuite>
