<?xml version="1.0" encoding="UTF-8"?>
<testsuite name="edu.dcccd.lesson10.Lesson10ApplicationTests" tests="1" skipped="0" failures="0" errors="0" timestamp="2018-11-12T03:43:06" hostname="CSCVIEAI405876" time="0.003">
  <properties/>
  <testcase name="contextLoads" classname="edu.dcccd.lesson10.Lesson10ApplicationTests" time="0.003"/>
  <system-out><![CDATA[2018-11-12 10:43:05.439  INFO 12240 --- [    Test worker] .b.t.c.SpringBootTestContextBootstrapper : Neither @ContextConfiguration nor @ContextHierarchy found for test class [edu.dcccd.lesson10.Lesson10ApplicationTests], using SpringBootContextLoader
2018-11-12 10:43:05.441  INFO 12240 --- [    Test worker] o.s.t.c.support.AbstractContextLoader    : Could not detect default resource locations for test class [edu.dcccd.lesson10.Lesson10ApplicationTests]: no resource found for suffixes {-context.xml, Context.groovy}.
2018-11-12 10:43:05.442  INFO 12240 --- [    Test worker] t.c.s.AnnotationConfigContextLoaderUtils : Could not detect default configuration classes for test class [edu.dcccd.lesson10.Lesson10ApplicationTests]: Lesson10ApplicationTests does not declare any static, non-private, non-final, nested classes annotated with @Configuration.
2018-11-12 10:43:05.454  INFO 12240 --- [    Test worker] .b.t.c.SpringBootTestContextBootstrapper : Found @SpringBootConfiguration edu.dcccd.lesson10.Lesson10Application for test class edu.dcccd.lesson10.Lesson10ApplicationTests
2018-11-12 10:43:05.458  INFO 12240 --- [    Test worker] .b.t.c.SpringBootTestContextBootstrapper : Loaded default TestExecutionListener class names from location [META-INF/spring.factories]: [org.springframework.boot.test.autoconfigure.restdocs.RestDocsTestExecutionListener, org.springframework.boot.test.autoconfigure.web.client.MockRestServiceServerResetTestExecutionListener, org.springframework.boot.test.autoconfigure.web.servlet.MockMvcPrintOnlyOnFailureTestExecutionListener, org.springframework.boot.test.autoconfigure.web.servlet.WebDriverTestExecutionListener, org.springframework.boot.test.mock.mockito.MockitoTestExecutionListener, org.springframework.boot.test.mock.mockito.ResetMocksTestExecutionListener, org.springframework.test.context.web.ServletTestExecutionListener, org.springframework.test.context.support.DirtiesContextBeforeModesTestExecutionListener, org.springframework.test.context.support.DependencyInjectionTestExecutionListener, org.springframework.test.context.support.DirtiesContextTestExecutionListener, org.springframework.test.context.transaction.TransactionalTestExecutionListener, org.springframework.test.context.jdbc.SqlScriptsTestExecutionListener]
2018-11-12 10:43:05.460  INFO 12240 --- [    Test worker] .b.t.c.SpringBootTestContextBootstrapper : Using TestExecutionListeners: [org.springframework.test.context.web.ServletTestExecutionListener@588faaba, org.springframework.test.context.support.DirtiesContextBeforeModesTestExecutionListener@3933c83a, org.springframework.boot.test.mock.mockito.MockitoTestExecutionListener@32e8388f, org.springframework.boot.test.autoconfigure.SpringBootDependencyInjectionTestExecutionListener@5d84fd6e, org.springframework.test.context.support.DirtiesContextTestExecutionListener@787b461e, org.springframework.boot.test.autoconfigure.restdocs.RestDocsTestExecutionListener@5fae3333, org.springframework.boot.test.autoconfigure.web.client.MockRestServiceServerResetTestExecutionListener@2cf15409, org.springframework.boot.test.autoconfigure.web.servlet.MockMvcPrintOnlyOnFailureTestExecutionListener@5664b374, org.springframework.boot.test.autoconfigure.web.servlet.WebDriverTestExecutionListener@740d5410, org.springframework.boot.test.mock.mockito.ResetMocksTestExecutionListener@5a14d609]

  .   ____          _            __ _ _
 /\\ / ___'_ __ _ _(_)_ __  __ _ \ \ \ \
( ( )\___ | '_ | '_| | '_ \/ _` | \ \ \ \
 \\/  ___)| |_)| | | | | || (_| |  ) ) ) )
  '  |____| .__|_| |_|_| |_\__, | / / / /
 =========|_|==============|___/=/_/_/_/
 :: Spring Boot ::        (v2.1.0.RELEASE)

2018-11-12 10:43:05.522  INFO 12240 --- [    Test worker] e.d.lesson10.Lesson10ApplicationTests    : Starting Lesson10ApplicationTests on CSCVIEAI405876 with PID 12240 (started by ttran75 in C:\Users\ttran75\IdeaProjects\Lesson10)
2018-11-12 10:43:05.522  INFO 12240 --- [    Test worker] e.d.lesson10.Lesson10ApplicationTests    : No active profile set, falling back to default profiles: default
2018-11-12 10:43:06.437  INFO 12240 --- [    Test worker] o.s.s.concurrent.ThreadPoolTaskExecutor  : Initializing ExecutorService 'applicationTaskExecutor'
2018-11-12 10:43:06.609  INFO 12240 --- [    Test worker] o.s.b.a.w.s.WelcomePageHandlerMapping    : Adding welcome page: class path resource [static/index.html]
2018-11-12 10:43:06.766  INFO 12240 --- [    Test worker] e.d.lesson10.Lesson10ApplicationTests    : Started Lesson10ApplicationTests in 1.286 seconds (JVM running for 11.126)
]]></system-out>
  <system-err><![CDATA[]]></system-err>
</testsuite>
