<?xml version="1.0" encoding="UTF-8"?>
<testsuite name="edu.dcccd.lesson10.controllers.HelloRestControllerTests" tests="2" skipped="0" failures="0" errors="0" timestamp="2018-11-12T03:43:05" hostname="CSCVIEAI405876" time="0.339">
  <properties/>
  <testcase name="greetWithoutName" classname="edu.dcccd.lesson10.controllers.HelloRestControllerTests" time="0.327"/>
  <testcase name="greetWithName" classname="edu.dcccd.lesson10.controllers.HelloRestControllerTests" time="0.011"/>
  <system-out><![CDATA[2018-11-12 10:43:02.507  INFO 12240 --- [    Test worker] .b.t.c.SpringBootTestContextBootstrapper : Neither @ContextConfiguration nor @ContextHierarchy found for test class [edu.dcccd.lesson10.controllers.HelloRestControllerTests], using SpringBootContextLoader
2018-11-12 10:43:02.507  INFO 12240 --- [    Test worker] o.s.t.c.support.AbstractContextLoader    : Could not detect default resource locations for test class [edu.dcccd.lesson10.controllers.HelloRestControllerTests]: no resource found for suffixes {-context.xml, Context.groovy}.
2018-11-12 10:43:02.507  INFO 12240 --- [    Test worker] t.c.s.AnnotationConfigContextLoaderUtils : Could not detect default configuration classes for test class [edu.dcccd.lesson10.controllers.HelloRestControllerTests]: HelloRestControllerTests does not declare any static, non-private, non-final, nested classes annotated with @Configuration.
2018-11-12 10:43:02.507  INFO 12240 --- [    Test worker] .b.t.c.SpringBootTestContextBootstrapper : Found @SpringBootConfiguration edu.dcccd.lesson10.Lesson10Application for test class edu.dcccd.lesson10.controllers.HelloRestControllerTests
2018-11-12 10:43:02.507  INFO 12240 --- [    Test worker] .b.t.c.SpringBootTestContextBootstrapper : Loaded default TestExecutionListener class names from location [META-INF/spring.factories]: [org.springframework.boot.test.autoconfigure.restdocs.RestDocsTestExecutionListener, org.springframework.boot.test.autoconfigure.web.client.MockRestServiceServerResetTestExecutionListener, org.springframework.boot.test.autoconfigure.web.servlet.MockMvcPrintOnlyOnFailureTestExecutionListener, org.springframework.boot.test.autoconfigure.web.servlet.WebDriverTestExecutionListener, org.springframework.boot.test.mock.mockito.MockitoTestExecutionListener, org.springframework.boot.test.mock.mockito.ResetMocksTestExecutionListener, org.springframework.test.context.web.ServletTestExecutionListener, org.springframework.test.context.support.DirtiesContextBeforeModesTestExecutionListener, org.springframework.test.context.support.DependencyInjectionTestExecutionListener, org.springframework.test.context.support.DirtiesContextTestExecutionListener, org.springframework.test.context.transaction.TransactionalTestExecutionListener, org.springframework.test.context.jdbc.SqlScriptsTestExecutionListener]
2018-11-12 10:43:02.523  INFO 12240 --- [    Test worker] .b.t.c.SpringBootTestContextBootstrapper : Using TestExecutionListeners: [org.springframework.test.context.web.ServletTestExecutionListener@1eefedb9, org.springframework.test.context.support.DirtiesContextBeforeModesTestExecutionListener@cd8e08e, org.springframework.boot.test.mock.mockito.MockitoTestExecutionListener@2e55d866, org.springframework.boot.test.autoconfigure.SpringBootDependencyInjectionTestExecutionListener@6e45a48a, org.springframework.test.context.support.DirtiesContextTestExecutionListener@fa61ede, org.springframework.boot.test.autoconfigure.restdocs.RestDocsTestExecutionListener@44314334, org.springframework.boot.test.autoconfigure.web.client.MockRestServiceServerResetTestExecutionListener@4427253c, org.springframework.boot.test.autoconfigure.web.servlet.MockMvcPrintOnlyOnFailureTestExecutionListener@785b8c6, org.springframework.boot.test.autoconfigure.web.servlet.WebDriverTestExecutionListener@386a1606, org.springframework.boot.test.mock.mockito.ResetMocksTestExecutionListener@760cdadc]

  .   ____          _            __ _ _
 /\\ / ___'_ __ _ _(_)_ __  __ _ \ \ \ \
( ( )\___ | '_ | '_| | '_ \/ _` | \ \ \ \
 \\/  ___)| |_)| | | | | || (_| |  ) ) ) )
  '  |____| .__|_| |_|_| |_\__, | / / / /
 =========|_|==============|___/=/_/_/_/
 :: Spring Boot ::        (v2.1.0.RELEASE)

2018-11-12 10:43:02.608  INFO 12240 --- [    Test worker] e.d.l.c.HelloRestControllerTests         : Starting HelloRestControllerTests on CSCVIEAI405876 with PID 12240 (started by ttran75 in C:\Users\ttran75\IdeaProjects\Lesson10)
2018-11-12 10:43:02.608  INFO 12240 --- [    Test worker] e.d.l.c.HelloRestControllerTests         : No active profile set, falling back to default profiles: default
2018-11-12 10:43:03.755  INFO 12240 --- [    Test worker] o.s.b.w.embedded.tomcat.TomcatWebServer  : Tomcat initialized with port(s): 0 (http)
2018-11-12 10:43:03.794  INFO 12240 --- [    Test worker] o.apache.catalina.core.StandardService   : Starting service [Tomcat]
2018-11-12 10:43:03.795  INFO 12240 --- [    Test worker] org.apache.catalina.core.StandardEngine  : Starting Servlet Engine: Apache Tomcat/9.0.12
2018-11-12 10:43:03.810  INFO 12240 --- [    Test worker] o.a.catalina.core.AprLifecycleListener   : The APR based Apache Tomcat Native library which allows optimal performance in production environments was not found on the java.library.path: [C:\Program Files\Java\jdk-10.0.2\bin;C:\Windows\Sun\Java\bin;C:\Windows\system32;C:\Windows;C:\Program Files (x86)\Common Files\Oracle\Java\javapath;C:\ProgramData\Oracle\Java\javapath;C:\Windows\system32;C:\Windows;C:\Windows\System32\Wbem;C:\Windows\System32\WindowsPowerShell\v1.0\;C:\Program Files (x86)\CheckPoint\Endpoint Security\Endpoint Common\bin;C:\Program Files (x86)\Symantec\VIP Access Client\;C:\Program Files (x86)\Gpg4win\..\GnuPG\bin;C:\Gradle\bin;C:\ProgramData\chocolatey\bin;C:\Program Files\Java\jdk-10.0.2\bin;C:\org.apache.ant_1.7.1\bin;C:\Gradle\bin;C:\AppData\Local\Google\Cloud SDK\google-cloud-sdk\bin;.]
2018-11-12 10:43:04.107  INFO 12240 --- [    Test worker] o.a.c.c.C.[Tomcat].[localhost].[/]       : Initializing Spring embedded WebApplicationContext
2018-11-12 10:43:04.107  INFO 12240 --- [    Test worker] o.s.web.context.ContextLoader            : Root WebApplicationContext: initialization completed in 1484 ms
2018-11-12 10:43:04.228  INFO 12240 --- [    Test worker] o.s.b.w.servlet.ServletRegistrationBean  : Servlet dispatcherServlet mapped to [/]
2018-11-12 10:43:04.234  INFO 12240 --- [    Test worker] o.s.b.w.servlet.FilterRegistrationBean   : Mapping filter: 'characterEncodingFilter' to: [/*]
2018-11-12 10:43:04.236  INFO 12240 --- [    Test worker] o.s.b.w.servlet.FilterRegistrationBean   : Mapping filter: 'hiddenHttpMethodFilter' to: [/*]
2018-11-12 10:43:04.237  INFO 12240 --- [    Test worker] o.s.b.w.servlet.FilterRegistrationBean   : Mapping filter: 'formContentFilter' to: [/*]
2018-11-12 10:43:04.238  INFO 12240 --- [    Test worker] o.s.b.w.servlet.FilterRegistrationBean   : Mapping filter: 'requestContextFilter' to: [/*]
2018-11-12 10:43:04.618  INFO 12240 --- [    Test worker] o.s.s.concurrent.ThreadPoolTaskExecutor  : Initializing ExecutorService 'applicationTaskExecutor'
2018-11-12 10:43:04.853  INFO 12240 --- [    Test worker] o.s.b.a.w.s.WelcomePageHandlerMapping    : Adding welcome page: class path resource [static/index.html]
2018-11-12 10:43:05.091  INFO 12240 --- [    Test worker] o.s.b.w.embedded.tomcat.TomcatWebServer  : Tomcat started on port(s): 50473 (http) with context path ''
2018-11-12 10:43:05.092  INFO 12240 --- [    Test worker] e.d.l.c.HelloRestControllerTests         : Started HelloRestControllerTests in 2.569 seconds (JVM running for 9.452)
2018-11-12 10:43:05.308  INFO 12240 --- [o-auto-1-exec-1] o.a.c.c.C.[Tomcat].[localhost].[/]       : Initializing Spring DispatcherServlet 'dispatcherServlet'
2018-11-12 10:43:05.309  INFO 12240 --- [o-auto-1-exec-1] o.s.web.servlet.DispatcherServlet        : Initializing Servlet 'dispatcherServlet'
2018-11-12 10:43:05.342  INFO 12240 --- [o-auto-1-exec-1] o.s.web.servlet.DispatcherServlet        : Completed initialization in 33 ms
]]></system-out>
  <system-err><![CDATA[]]></system-err>
</testsuite>
